<?xml version="1.0" encoding="UTF-8"?>
<testsuite xmlns:xsi="http://www.w3.org/2001/XMLSchema-instance" xsi:noNamespaceSchemaLocation="https://maven.apache.org/surefire/maven-surefire-plugin/xsd/surefire-test-report.xsd" name="com.example.helloworld.resources.PersonResourceTest" time="0.45" tests="2" errors="0" skipped="0" failures="0">
  <properties>
    <property name="sun.desktop" value="windows"/>
    <property name="awt.toolkit" value="sun.awt.windows.WToolkit"/>
    <property name="file.encoding.pkg" value="sun.io"/>
    <property name="java.specification.version" value="1.8"/>
    <property name="sun.cpu.isalist" value="amd64"/>
    <property name="user.region" value="US"/>
    <property name="sun.jnu.encoding" value="Cp1252"/>
    <property name="java.class.path" value="D:\Dev\Projects\Java\dropwizard-example\target\test-classes;D:\Dev\Projects\Java\dropwizard-example\target\classes;C:\Users\crist\.m2\repository\io\dropwizard\dropwizard-core\2.0.2\dropwizard-core-2.0.2.jar;C:\Users\crist\.m2\repository\io\dropwizard\dropwizard-util\2.0.2\dropwizard-util-2.0.2.jar;C:\Users\crist\.m2\repository\com\fasterxml\jackson\core\jackson-annotations\2.10.2\jackson-annotations-2.10.2.jar;C:\Users\crist\.m2\repository\com\google\guava\guava\28.2-jre\guava-28.2-jre.jar;C:\Users\crist\.m2\repository\com\google\guava\failureaccess\1.0.1\failureaccess-1.0.1.jar;C:\Users\crist\.m2\repository\com\google\guava\listenablefuture\9999.0-empty-to-avoid-conflict-with-guava\listenablefuture-9999.0-empty-to-avoid-conflict-with-guava.jar;C:\Users\crist\.m2\repository\com\google\j2objc\j2objc-annotations\1.3\j2objc-annotations-1.3.jar;C:\Users\crist\.m2\repository\com\google\code\findbugs\jsr305\3.0.2\jsr305-3.0.2.jar;C:\Users\crist\.m2\repository\joda-time\joda-time\2.10.5\joda-time-2.10.5.jar;C:\Users\crist\.m2\repository\io\dropwizard\dropwizard-jackson\2.0.2\dropwizard-jackson-2.0.2.jar;C:\Users\crist\.m2\repository\com\fasterxml\jackson\core\jackson-core\2.10.2\jackson-core-2.10.2.jar;C:\Users\crist\.m2\repository\com\fasterxml\jackson\core\jackson-databind\2.10.2\jackson-databind-2.10.2.jar;C:\Users\crist\.m2\repository\com\fasterxml\jackson\datatype\jackson-datatype-guava\2.10.2\jackson-datatype-guava-2.10.2.jar;C:\Users\crist\.m2\repository\com\fasterxml\jackson\datatype\jackson-datatype-jsr310\2.10.2\jackson-datatype-jsr310-2.10.2.jar;C:\Users\crist\.m2\repository\com\fasterxml\jackson\datatype\jackson-datatype-jdk8\2.10.2\jackson-datatype-jdk8-2.10.2.jar;C:\Users\crist\.m2\repository\com\fasterxml\jackson\module\jackson-module-parameter-names\2.10.2\jackson-module-parameter-names-2.10.2.jar;C:\Users\crist\.m2\repository\com\fasterxml\jackson\module\jackson-module-afterburner\2.10.2\jackson-module-afterburner-2.10.2.jar;C:\Users\crist\.m2\repository\com\fasterxml\jackson\datatype\jackson-datatype-joda\2.10.2\jackson-datatype-joda-2.10.2.jar;C:\Users\crist\.m2\repository\org\slf4j\slf4j-api\1.7.30\slf4j-api-1.7.30.jar;C:\Users\crist\.m2\repository\io\dropwizard\dropwizard-validation\2.0.2\dropwizard-validation-2.0.2.jar;C:\Users\crist\.m2\repository\org\hibernate\validator\hibernate-validator\6.1.2.Final\hibernate-validator-6.1.2.Final.jar;C:\Users\crist\.m2\repository\org\jboss\logging\jboss-logging\3.3.2.Final\jboss-logging-3.3.2.Final.jar;C:\Users\crist\.m2\repository\org\glassfish\jakarta.el\3.0.3\jakarta.el-3.0.3.jar;C:\Users\crist\.m2\repository\org\javassist\javassist\3.26.0-GA\javassist-3.26.0-GA.jar;C:\Users\crist\.m2\repository\io\dropwizard\dropwizard-configuration\2.0.2\dropwizard-configuration-2.0.2.jar;C:\Users\crist\.m2\repository\com\fasterxml\jackson\dataformat\jackson-dataformat-yaml\2.10.2\jackson-dataformat-yaml-2.10.2.jar;C:\Users\crist\.m2\repository\org\yaml\snakeyaml\1.24\snakeyaml-1.24.jar;C:\Users\crist\.m2\repository\org\apache\commons\commons-lang3\3.9\commons-lang3-3.9.jar;C:\Users\crist\.m2\repository\org\apache\commons\commons-text\1.8\commons-text-1.8.jar;C:\Users\crist\.m2\repository\io\dropwizard\dropwizard-logging\2.0.2\dropwizard-logging-2.0.2.jar;C:\Users\crist\.m2\repository\io\dropwizard\metrics\metrics-logback\4.1.2\metrics-logback-4.1.2.jar;C:\Users\crist\.m2\repository\org\slf4j\jul-to-slf4j\1.7.30\jul-to-slf4j-1.7.30.jar;C:\Users\crist\.m2\repository\ch\qos\logback\logback-core\1.2.3\logback-core-1.2.3.jar;C:\Users\crist\.m2\repository\ch\qos\logback\logback-classic\1.2.3\logback-classic-1.2.3.jar;C:\Users\crist\.m2\repository\io\dropwizard\logback\logback-throttling-appender\1.1.0\logback-throttling-appender-1.1.0.jar;C:\Users\crist\.m2\repository\org\slf4j\log4j-over-slf4j\1.7.30\log4j-over-slf4j-1.7.30.jar;C:\Users\crist\.m2\repository\org\slf4j\jcl-over-slf4j\1.7.30\jcl-over-slf4j-1.7.30.jar;C:\Users\crist\.m2\repository\org\eclipse\jetty\jetty-util\9.4.26.v20200117\jetty-util-9.4.26.v20200117.jar;C:\Users\crist\.m2\repository\io\dropwizard\dropwizard-metrics\2.0.2\dropwizard-metrics-2.0.2.jar;C:\Users\crist\.m2\repository\io\dropwizard\dropwizard-jersey\2.0.2\dropwizard-jersey-2.0.2.jar;C:\Users\crist\.m2\repository\org\glassfish\jersey\ext\jersey-metainf-services\2.30\jersey-metainf-services-2.30.jar;C:\Users\crist\.m2\repository\org\glassfish\jersey\ext\jersey-bean-validation\2.30\jersey-bean-validation-2.30.jar;C:\Users\crist\.m2\repository\org\glassfish\jersey\inject\jersey-hk2\2.30\jersey-hk2-2.30.jar;C:\Users\crist\.m2\repository\org\glassfish\hk2\hk2-locator\2.6.1\hk2-locator-2.6.1.jar;C:\Users\crist\.m2\repository\org\glassfish\hk2\external\aopalliance-repackaged\2.6.1\aopalliance-repackaged-2.6.1.jar;C:\Users\crist\.m2\repository\org\glassfish\hk2\hk2-api\2.6.1\hk2-api-2.6.1.jar;C:\Users\crist\.m2\repository\org\glassfish\hk2\hk2-utils\2.6.1\hk2-utils-2.6.1.jar;C:\Users\crist\.m2\repository\io\dropwizard\metrics\metrics-jersey2\4.1.2\metrics-jersey2-4.1.2.jar;C:\Users\crist\.m2\repository\com\fasterxml\jackson\jaxrs\jackson-jaxrs-json-provider\2.10.2.1\jackson-jaxrs-json-provider-2.10.2.1.jar;C:\Users\crist\.m2\repository\com\fasterxml\jackson\jaxrs\jackson-jaxrs-base\2.10.2.1\jackson-jaxrs-base-2.10.2.1.jar;C:\Users\crist\.m2\repository\com\fasterxml\jackson\module\jackson-module-jaxb-annotations\2.10.2\jackson-module-jaxb-annotations-2.10.2.jar;C:\Users\crist\.m2\repository\org\glassfish\jersey\containers\jersey-container-servlet\2.30\jersey-container-servlet-2.30.jar;C:\Users\crist\.m2\repository\org\eclipse\jetty\jetty-server\9.4.26.v20200117\jetty-server-9.4.26.v20200117.jar;C:\Users\crist\.m2\repository\org\eclipse\jetty\jetty-webapp\9.4.26.v20200117\jetty-webapp-9.4.26.v20200117.jar;C:\Users\crist\.m2\repository\org\eclipse\jetty\jetty-xml\9.4.26.v20200117\jetty-xml-9.4.26.v20200117.jar;C:\Users\crist\.m2\repository\org\eclipse\jetty\jetty-continuation\9.4.26.v20200117\jetty-continuation-9.4.26.v20200117.jar;C:\Users\crist\.m2\repository\io\dropwizard\dropwizard-servlets\2.0.2\dropwizard-servlets-2.0.2.jar;C:\Users\crist\.m2\repository\io\dropwizard\metrics\metrics-annotation\4.1.2\metrics-annotation-4.1.2.jar;C:\Users\crist\.m2\repository\io\dropwizard\dropwizard-jetty\2.0.2\dropwizard-jetty-2.0.2.jar;C:\Users\crist\.m2\repository\io\dropwizard\metrics\metrics-jetty9\4.1.2\metrics-jetty9-4.1.2.jar;C:\Users\crist\.m2\repository\org\eclipse\jetty\jetty-servlet\9.4.26.v20200117\jetty-servlet-9.4.26.v20200117.jar;C:\Users\crist\.m2\repository\org\eclipse\jetty\jetty-security\9.4.26.v20200117\jetty-security-9.4.26.v20200117.jar;C:\Users\crist\.m2\repository\org\eclipse\jetty\jetty-servlets\9.4.26.v20200117\jetty-servlets-9.4.26.v20200117.jar;C:\Users\crist\.m2\repository\org\eclipse\jetty\jetty-http\9.4.26.v20200117\jetty-http-9.4.26.v20200117.jar;C:\Users\crist\.m2\repository\io\dropwizard\dropwizard-lifecycle\2.0.2\dropwizard-lifecycle-2.0.2.jar;C:\Users\crist\.m2\repository\io\dropwizard\metrics\metrics-core\4.1.2\metrics-core-4.1.2.jar;C:\Users\crist\.m2\repository\io\dropwizard\metrics\metrics-jvm\4.1.2\metrics-jvm-4.1.2.jar;C:\Users\crist\.m2\repository\io\dropwizard\metrics\metrics-jmx\4.1.2\metrics-jmx-4.1.2.jar;C:\Users\crist\.m2\repository\io\dropwizard\metrics\metrics-servlets\4.1.2\metrics-servlets-4.1.2.jar;C:\Users\crist\.m2\repository\io\dropwizard\metrics\metrics-json\4.1.2\metrics-json-4.1.2.jar;C:\Users\crist\.m2\repository\com\helger\profiler\1.1.1\profiler-1.1.1.jar;C:\Users\crist\.m2\repository\io\dropwizard\metrics\metrics-healthchecks\4.1.2\metrics-healthchecks-4.1.2.jar;C:\Users\crist\.m2\repository\io\dropwizard\dropwizard-request-logging\2.0.2\dropwizard-request-logging-2.0.2.jar;C:\Users\crist\.m2\repository\ch\qos\logback\logback-access\1.2.3\logback-access-1.2.3.jar;C:\Users\crist\.m2\repository\net\sourceforge\argparse4j\argparse4j\0.8.1\argparse4j-0.8.1.jar;C:\Users\crist\.m2\repository\org\eclipse\jetty\toolchain\setuid\jetty-setuid-java\1.0.3\jetty-setuid-java-1.0.3.jar;C:\Users\crist\.m2\repository\io\dropwizard\dropwizard-auth\2.0.2\dropwizard-auth-2.0.2.jar;C:\Users\crist\.m2\repository\com\github\ben-manes\caffeine\caffeine\2.8.1\caffeine-2.8.1.jar;C:\Users\crist\.m2\repository\org\checkerframework\checker-qual\3.1.1\checker-qual-3.1.1.jar;C:\Users\crist\.m2\repository\com\google\errorprone\error_prone_annotations\2.3.4\error_prone_annotations-2.3.4.jar;C:\Users\crist\.m2\repository\io\dropwizard\dropwizard-assets\2.0.2\dropwizard-assets-2.0.2.jar;C:\Users\crist\.m2\repository\io\dropwizard\dropwizard-http2\2.0.2\dropwizard-http2-2.0.2.jar;C:\Users\crist\.m2\repository\org\eclipse\jetty\http2\http2-server\9.4.26.v20200117\http2-server-9.4.26.v20200117.jar;C:\Users\crist\.m2\repository\org\eclipse\jetty\http2\http2-common\9.4.26.v20200117\http2-common-9.4.26.v20200117.jar;C:\Users\crist\.m2\repository\org\eclipse\jetty\http2\http2-hpack\9.4.26.v20200117\http2-hpack-9.4.26.v20200117.jar;C:\Users\crist\.m2\repository\org\eclipse\jetty\jetty-alpn-openjdk8-server\9.4.26.v20200117\jetty-alpn-openjdk8-server-9.4.26.v20200117.jar;C:\Users\crist\.m2\repository\org\eclipse\jetty\jetty-alpn-server\9.4.26.v20200117\jetty-alpn-server-9.4.26.v20200117.jar;C:\Users\crist\.m2\repository\org\eclipse\jetty\jetty-io\9.4.26.v20200117\jetty-io-9.4.26.v20200117.jar;C:\Users\crist\.m2\repository\io\dropwizard\dropwizard-hibernate\2.0.2\dropwizard-hibernate-2.0.2.jar;C:\Users\crist\.m2\repository\io\dropwizard\dropwizard-db\2.0.2\dropwizard-db-2.0.2.jar;C:\Users\crist\.m2\repository\org\apache\tomcat\tomcat-jdbc\9.0.31\tomcat-jdbc-9.0.31.jar;C:\Users\crist\.m2\repository\org\apache\tomcat\tomcat-juli\9.0.31\tomcat-juli-9.0.31.jar;C:\Users\crist\.m2\repository\com\fasterxml\jackson\datatype\jackson-datatype-hibernate5\2.10.2\jackson-datatype-hibernate5-2.10.2.jar;C:\Users\crist\.m2\repository\javax\transaction\javax.transaction-api\1.3\javax.transaction-api-1.3.jar;C:\Users\crist\.m2\repository\org\jadira\usertype\usertype.core\7.0.0.CR1\usertype.core-7.0.0.CR1.jar;C:\Users\crist\.m2\repository\org\jadira\usertype\usertype.spi\7.0.0.CR1\usertype.spi-7.0.0.CR1.jar;C:\Users\crist\.m2\repository\org\hibernate\hibernate-core\5.4.12.Final\hibernate-core-5.4.12.Final.jar;C:\Users\crist\.m2\repository\javax\persistence\javax.persistence-api\2.2\javax.persistence-api-2.2.jar;C:\Users\crist\.m2\repository\antlr\antlr\2.7.7\antlr-2.7.7.jar;C:\Users\crist\.m2\repository\org\jboss\spec\javax\transaction\jboss-transaction-api_1.2_spec\1.1.1.Final\jboss-transaction-api_1.2_spec-1.1.1.Final.jar;C:\Users\crist\.m2\repository\org\jboss\jandex\2.1.1.Final\jandex-2.1.1.Final.jar;C:\Users\crist\.m2\repository\com\fasterxml\classmate\1.5.1\classmate-1.5.1.jar;C:\Users\crist\.m2\repository\org\dom4j\dom4j\2.1.1\dom4j-2.1.1.jar;C:\Users\crist\.m2\repository\org\hibernate\common\hibernate-commons-annotations\5.1.0.Final\hibernate-commons-annotations-5.1.0.Final.jar;C:\Users\crist\.m2\repository\org\glassfish\jaxb\jaxb-runtime\2.3.1\jaxb-runtime-2.3.1.jar;C:\Users\crist\.m2\repository\org\glassfish\jaxb\txw2\2.3.1\txw2-2.3.1.jar;C:\Users\crist\.m2\repository\com\sun\istack\istack-commons-runtime\3.0.7\istack-commons-runtime-3.0.7.jar;C:\Users\crist\.m2\repository\org\jvnet\staxex\stax-ex\1.8\stax-ex-1.8.jar;C:\Users\crist\.m2\repository\com\sun\xml\fastinfoset\FastInfoset\1.2.15\FastInfoset-1.2.15.jar;C:\Users\crist\.m2\repository\jakarta\activation\jakarta.activation-api\1.2.1\jakarta.activation-api-1.2.1.jar;C:\Users\crist\.m2\repository\jakarta\xml\bind\jakarta.xml.bind-api\2.3.2\jakarta.xml.bind-api-2.3.2.jar;C:\Users\crist\.m2\repository\io\dropwizard\dropwizard-migrations\2.0.2\dropwizard-migrations-2.0.2.jar;C:\Users\crist\.m2\repository\org\liquibase\liquibase-core\3.8.6\liquibase-core-3.8.6.jar;C:\Users\crist\.m2\repository\com\mattbertolini\liquibase-slf4j\2.0.0\liquibase-slf4j-2.0.0.jar;C:\Users\crist\.m2\repository\io\dropwizard\dropwizard-views-freemarker\2.0.2\dropwizard-views-freemarker-2.0.2.jar;C:\Users\crist\.m2\repository\io\dropwizard\dropwizard-views\2.0.2\dropwizard-views-2.0.2.jar;C:\Users\crist\.m2\repository\org\freemarker\freemarker\2.3.29\freemarker-2.3.29.jar;C:\Users\crist\.m2\repository\io\dropwizard\dropwizard-views-mustache\2.0.2\dropwizard-views-mustache-2.0.2.jar;C:\Users\crist\.m2\repository\com\github\spullara\mustache\java\compiler\0.9.6\compiler-0.9.6.jar;C:\Users\crist\.m2\repository\io\dropwizard\dropwizard-metrics-graphite\2.0.2\dropwizard-metrics-graphite-2.0.2.jar;C:\Users\crist\.m2\repository\io\dropwizard\metrics\metrics-graphite\4.1.2\metrics-graphite-4.1.2.jar;C:\Users\crist\.m2\repository\com\rabbitmq\amqp-client\5.5.3\amqp-client-5.5.3.jar;C:\Users\crist\.m2\repository\com\h2database\h2\1.4.200\h2-1.4.200.jar;C:\Users\crist\.m2\repository\io\dropwizard\dropwizard-testing\2.0.2\dropwizard-testing-2.0.2.jar;C:\Users\crist\.m2\repository\org\objenesis\objenesis\3.1\objenesis-3.1.jar;C:\Users\crist\.m2\repository\org\assertj\assertj-core\3.15.0\assertj-core-3.15.0.jar;C:\Users\crist\.m2\repository\org\junit\jupiter\junit-jupiter\5.6.0\junit-jupiter-5.6.0.jar;C:\Users\crist\.m2\repository\org\junit\jupiter\junit-jupiter-api\5.6.0\junit-jupiter-api-5.6.0.jar;C:\Users\crist\.m2\repository\org\apiguardian\apiguardian-api\1.1.0\apiguardian-api-1.1.0.jar;C:\Users\crist\.m2\repository\org\opentest4j\opentest4j\1.2.0\opentest4j-1.2.0.jar;C:\Users\crist\.m2\repository\org\junit\platform\junit-platform-commons\1.6.0\junit-platform-commons-1.6.0.jar;C:\Users\crist\.m2\repository\org\junit\jupiter\junit-jupiter-params\5.6.0\junit-jupiter-params-5.6.0.jar;C:\Users\crist\.m2\repository\org\junit\jupiter\junit-jupiter-engine\5.6.0\junit-jupiter-engine-5.6.0.jar;C:\Users\crist\.m2\repository\org\junit\platform\junit-platform-engine\1.6.0\junit-platform-engine-1.6.0.jar;C:\Users\crist\.m2\repository\org\mockito\mockito-core\3.2.4\mockito-core-3.2.4.jar;C:\Users\crist\.m2\repository\net\bytebuddy\byte-buddy\1.10.8\byte-buddy-1.10.8.jar;C:\Users\crist\.m2\repository\net\bytebuddy\byte-buddy-agent\1.10.5\byte-buddy-agent-1.10.5.jar;C:\Users\crist\.m2\repository\org\glassfish\jersey\test-framework\providers\jersey-test-framework-provider-inmemory\2.30\jersey-test-framework-provider-inmemory-2.30.jar;C:\Users\crist\.m2\repository\org\glassfish\jersey\test-framework\jersey-test-framework-core\2.30\jersey-test-framework-core-2.30.jar;C:\Users\crist\.m2\repository\org\glassfish\jersey\containers\jersey-container-servlet-core\2.30\jersey-container-servlet-core-2.30.jar;C:\Users\crist\.m2\repository\org\glassfish\jersey\core\jersey-server\2.30\jersey-server-2.30.jar;C:\Users\crist\.m2\repository\org\glassfish\jersey\core\jersey-common\2.30\jersey-common-2.30.jar;C:\Users\crist\.m2\repository\org\glassfish\hk2\osgi-resource-locator\1.0.3\osgi-resource-locator-1.0.3.jar;C:\Users\crist\.m2\repository\jakarta\ws\rs\jakarta.ws.rs-api\2.1.6\jakarta.ws.rs-api-2.1.6.jar;C:\Users\crist\.m2\repository\org\glassfish\jersey\media\jersey-media-jaxb\2.30\jersey-media-jaxb-2.30.jar;C:\Users\crist\.m2\repository\jakarta\annotation\jakarta.annotation-api\1.3.5\jakarta.annotation-api-1.3.5.jar;C:\Users\crist\.m2\repository\org\glassfish\hk2\external\jakarta.inject\2.6.1\jakarta.inject-2.6.1.jar;C:\Users\crist\.m2\repository\jakarta\validation\jakarta.validation-api\2.0.2\jakarta.validation-api-2.0.2.jar;C:\Users\crist\.m2\repository\org\glassfish\jersey\core\jersey-client\2.30\jersey-client-2.30.jar;C:\Users\crist\.m2\repository\org\glassfish\jersey\test-framework\providers\jersey-test-framework-provider-grizzly2\2.30\jersey-test-framework-provider-grizzly2-2.30.jar;C:\Users\crist\.m2\repository\jakarta\servlet\jakarta.servlet-api\4.0.3\jakarta.servlet-api-4.0.3.jar;C:\Users\crist\.m2\repository\org\glassfish\jersey\containers\jersey-container-grizzly2-http\2.30\jersey-container-grizzly2-http-2.30.jar;C:\Users\crist\.m2\repository\org\glassfish\grizzly\grizzly-http-server\2.4.4\grizzly-http-server-2.4.4.jar;C:\Users\crist\.m2\repository\org\glassfish\grizzly\grizzly-http\2.4.4\grizzly-http-2.4.4.jar;C:\Users\crist\.m2\repository\org\glassfish\grizzly\grizzly-framework\2.4.4\grizzly-framework-2.4.4.jar;C:\Users\crist\.m2\repository\org\glassfish\jersey\containers\jersey-container-grizzly2-servlet\2.30\jersey-container-grizzly2-servlet-2.30.jar;C:\Users\crist\.m2\repository\org\glassfish\grizzly\grizzly-http-servlet\2.4.4\grizzly-http-servlet-2.4.4.jar;"/>
    <property name="java.vm.vendor" value="Oracle Corporation"/>
    <property name="sun.arch.data.model" value="64"/>
    <property name="user.variant" value=""/>
    <property name="java.vendor.url" value="http://java.oracle.com/"/>
    <property name="user.timezone" value="UTC"/>
    <property name="java.vm.specification.version" value="1.8"/>
    <property name="os.name" value="Windows 10"/>
    <property name="user.country" value="US"/>
    <property name="sun.java.launcher" value="SUN_STANDARD"/>
    <property name="sun.boot.library.path" value="C:\Program Files\Java\jdk1.8.0_191\jre\bin"/>
    <property name="sun.java.command" value="C:\Users\crist\AppData\Local\Temp\surefire5861862106162566262\surefirebooter1918681456117100050.jar C:\Users\crist\AppData\Local\Temp\surefire5861862106162566262 2020-04-13T00-37-58_790-jvmRun1 surefire8367418766175177643tmp surefire_02186706832945451236tmp"/>
    <property name="surefire.test.class.path" value="D:\Dev\Projects\Java\dropwizard-example\target\test-classes;D:\Dev\Projects\Java\dropwizard-example\target\classes;C:\Users\crist\.m2\repository\io\dropwizard\dropwizard-core\2.0.2\dropwizard-core-2.0.2.jar;C:\Users\crist\.m2\repository\io\dropwizard\dropwizard-util\2.0.2\dropwizard-util-2.0.2.jar;C:\Users\crist\.m2\repository\com\fasterxml\jackson\core\jackson-annotations\2.10.2\jackson-annotations-2.10.2.jar;C:\Users\crist\.m2\repository\com\google\guava\guava\28.2-jre\guava-28.2-jre.jar;C:\Users\crist\.m2\repository\com\google\guava\failureaccess\1.0.1\failureaccess-1.0.1.jar;C:\Users\crist\.m2\repository\com\google\guava\listenablefuture\9999.0-empty-to-avoid-conflict-with-guava\listenablefuture-9999.0-empty-to-avoid-conflict-with-guava.jar;C:\Users\crist\.m2\repository\com\google\j2objc\j2objc-annotations\1.3\j2objc-annotations-1.3.jar;C:\Users\crist\.m2\repository\com\google\code\findbugs\jsr305\3.0.2\jsr305-3.0.2.jar;C:\Users\crist\.m2\repository\joda-time\joda-time\2.10.5\joda-time-2.10.5.jar;C:\Users\crist\.m2\repository\io\dropwizard\dropwizard-jackson\2.0.2\dropwizard-jackson-2.0.2.jar;C:\Users\crist\.m2\repository\com\fasterxml\jackson\core\jackson-core\2.10.2\jackson-core-2.10.2.jar;C:\Users\crist\.m2\repository\com\fasterxml\jackson\core\jackson-databind\2.10.2\jackson-databind-2.10.2.jar;C:\Users\crist\.m2\repository\com\fasterxml\jackson\datatype\jackson-datatype-guava\2.10.2\jackson-datatype-guava-2.10.2.jar;C:\Users\crist\.m2\repository\com\fasterxml\jackson\datatype\jackson-datatype-jsr310\2.10.2\jackson-datatype-jsr310-2.10.2.jar;C:\Users\crist\.m2\repository\com\fasterxml\jackson\datatype\jackson-datatype-jdk8\2.10.2\jackson-datatype-jdk8-2.10.2.jar;C:\Users\crist\.m2\repository\com\fasterxml\jackson\module\jackson-module-parameter-names\2.10.2\jackson-module-parameter-names-2.10.2.jar;C:\Users\crist\.m2\repository\com\fasterxml\jackson\module\jackson-module-afterburner\2.10.2\jackson-module-afterburner-2.10.2.jar;C:\Users\crist\.m2\repository\com\fasterxml\jackson\datatype\jackson-datatype-joda\2.10.2\jackson-datatype-joda-2.10.2.jar;C:\Users\crist\.m2\repository\org\slf4j\slf4j-api\1.7.30\slf4j-api-1.7.30.jar;C:\Users\crist\.m2\repository\io\dropwizard\dropwizard-validation\2.0.2\dropwizard-validation-2.0.2.jar;C:\Users\crist\.m2\repository\org\hibernate\validator\hibernate-validator\6.1.2.Final\hibernate-validator-6.1.2.Final.jar;C:\Users\crist\.m2\repository\org\jboss\logging\jboss-logging\3.3.2.Final\jboss-logging-3.3.2.Final.jar;C:\Users\crist\.m2\repository\org\glassfish\jakarta.el\3.0.3\jakarta.el-3.0.3.jar;C:\Users\crist\.m2\repository\org\javassist\javassist\3.26.0-GA\javassist-3.26.0-GA.jar;C:\Users\crist\.m2\repository\io\dropwizard\dropwizard-configuration\2.0.2\dropwizard-configuration-2.0.2.jar;C:\Users\crist\.m2\repository\com\fasterxml\jackson\dataformat\jackson-dataformat-yaml\2.10.2\jackson-dataformat-yaml-2.10.2.jar;C:\Users\crist\.m2\repository\org\yaml\snakeyaml\1.24\snakeyaml-1.24.jar;C:\Users\crist\.m2\repository\org\apache\commons\commons-lang3\3.9\commons-lang3-3.9.jar;C:\Users\crist\.m2\repository\org\apache\commons\commons-text\1.8\commons-text-1.8.jar;C:\Users\crist\.m2\repository\io\dropwizard\dropwizard-logging\2.0.2\dropwizard-logging-2.0.2.jar;C:\Users\crist\.m2\repository\io\dropwizard\metrics\metrics-logback\4.1.2\metrics-logback-4.1.2.jar;C:\Users\crist\.m2\repository\org\slf4j\jul-to-slf4j\1.7.30\jul-to-slf4j-1.7.30.jar;C:\Users\crist\.m2\repository\ch\qos\logback\logback-core\1.2.3\logback-core-1.2.3.jar;C:\Users\crist\.m2\repository\ch\qos\logback\logback-classic\1.2.3\logback-classic-1.2.3.jar;C:\Users\crist\.m2\repository\io\dropwizard\logback\logback-throttling-appender\1.1.0\logback-throttling-appender-1.1.0.jar;C:\Users\crist\.m2\repository\org\slf4j\log4j-over-slf4j\1.7.30\log4j-over-slf4j-1.7.30.jar;C:\Users\crist\.m2\repository\org\slf4j\jcl-over-slf4j\1.7.30\jcl-over-slf4j-1.7.30.jar;C:\Users\crist\.m2\repository\org\eclipse\jetty\jetty-util\9.4.26.v20200117\jetty-util-9.4.26.v20200117.jar;C:\Users\crist\.m2\repository\io\dropwizard\dropwizard-metrics\2.0.2\dropwizard-metrics-2.0.2.jar;C:\Users\crist\.m2\repository\io\dropwizard\dropwizard-jersey\2.0.2\dropwizard-jersey-2.0.2.jar;C:\Users\crist\.m2\repository\org\glassfish\jersey\ext\jersey-metainf-services\2.30\jersey-metainf-services-2.30.jar;C:\Users\crist\.m2\repository\org\glassfish\jersey\ext\jersey-bean-validation\2.30\jersey-bean-validation-2.30.jar;C:\Users\crist\.m2\repository\org\glassfish\jersey\inject\jersey-hk2\2.30\jersey-hk2-2.30.jar;C:\Users\crist\.m2\repository\org\glassfish\hk2\hk2-locator\2.6.1\hk2-locator-2.6.1.jar;C:\Users\crist\.m2\repository\org\glassfish\hk2\external\aopalliance-repackaged\2.6.1\aopalliance-repackaged-2.6.1.jar;C:\Users\crist\.m2\repository\org\glassfish\hk2\hk2-api\2.6.1\hk2-api-2.6.1.jar;C:\Users\crist\.m2\repository\org\glassfish\hk2\hk2-utils\2.6.1\hk2-utils-2.6.1.jar;C:\Users\crist\.m2\repository\io\dropwizard\metrics\metrics-jersey2\4.1.2\metrics-jersey2-4.1.2.jar;C:\Users\crist\.m2\repository\com\fasterxml\jackson\jaxrs\jackson-jaxrs-json-provider\2.10.2.1\jackson-jaxrs-json-provider-2.10.2.1.jar;C:\Users\crist\.m2\repository\com\fasterxml\jackson\jaxrs\jackson-jaxrs-base\2.10.2.1\jackson-jaxrs-base-2.10.2.1.jar;C:\Users\crist\.m2\repository\com\fasterxml\jackson\module\jackson-module-jaxb-annotations\2.10.2\jackson-module-jaxb-annotations-2.10.2.jar;C:\Users\crist\.m2\repository\org\glassfish\jersey\containers\jersey-container-servlet\2.30\jersey-container-servlet-2.30.jar;C:\Users\crist\.m2\repository\org\eclipse\jetty\jetty-server\9.4.26.v20200117\jetty-server-9.4.26.v20200117.jar;C:\Users\crist\.m2\repository\org\eclipse\jetty\jetty-webapp\9.4.26.v20200117\jetty-webapp-9.4.26.v20200117.jar;C:\Users\crist\.m2\repository\org\eclipse\jetty\jetty-xml\9.4.26.v20200117\jetty-xml-9.4.26.v20200117.jar;C:\Users\crist\.m2\repository\org\eclipse\jetty\jetty-continuation\9.4.26.v20200117\jetty-continuation-9.4.26.v20200117.jar;C:\Users\crist\.m2\repository\io\dropwizard\dropwizard-servlets\2.0.2\dropwizard-servlets-2.0.2.jar;C:\Users\crist\.m2\repository\io\dropwizard\metrics\metrics-annotation\4.1.2\metrics-annotation-4.1.2.jar;C:\Users\crist\.m2\repository\io\dropwizard\dropwizard-jetty\2.0.2\dropwizard-jetty-2.0.2.jar;C:\Users\crist\.m2\repository\io\dropwizard\metrics\metrics-jetty9\4.1.2\metrics-jetty9-4.1.2.jar;C:\Users\crist\.m2\repository\org\eclipse\jetty\jetty-servlet\9.4.26.v20200117\jetty-servlet-9.4.26.v20200117.jar;C:\Users\crist\.m2\repository\org\eclipse\jetty\jetty-security\9.4.26.v20200117\jetty-security-9.4.26.v20200117.jar;C:\Users\crist\.m2\repository\org\eclipse\jetty\jetty-servlets\9.4.26.v20200117\jetty-servlets-9.4.26.v20200117.jar;C:\Users\crist\.m2\repository\org\eclipse\jetty\jetty-http\9.4.26.v20200117\jetty-http-9.4.26.v20200117.jar;C:\Users\crist\.m2\repository\io\dropwizard\dropwizard-lifecycle\2.0.2\dropwizard-lifecycle-2.0.2.jar;C:\Users\crist\.m2\repository\io\dropwizard\metrics\metrics-core\4.1.2\metrics-core-4.1.2.jar;C:\Users\crist\.m2\repository\io\dropwizard\metrics\metrics-jvm\4.1.2\metrics-jvm-4.1.2.jar;C:\Users\crist\.m2\repository\io\dropwizard\metrics\metrics-jmx\4.1.2\metrics-jmx-4.1.2.jar;C:\Users\crist\.m2\repository\io\dropwizard\metrics\metrics-servlets\4.1.2\metrics-servlets-4.1.2.jar;C:\Users\crist\.m2\repository\io\dropwizard\metrics\metrics-json\4.1.2\metrics-json-4.1.2.jar;C:\Users\crist\.m2\repository\com\helger\profiler\1.1.1\profiler-1.1.1.jar;C:\Users\crist\.m2\repository\io\dropwizard\metrics\metrics-healthchecks\4.1.2\metrics-healthchecks-4.1.2.jar;C:\Users\crist\.m2\repository\io\dropwizard\dropwizard-request-logging\2.0.2\dropwizard-request-logging-2.0.2.jar;C:\Users\crist\.m2\repository\ch\qos\logback\logback-access\1.2.3\logback-access-1.2.3.jar;C:\Users\crist\.m2\repository\net\sourceforge\argparse4j\argparse4j\0.8.1\argparse4j-0.8.1.jar;C:\Users\crist\.m2\repository\org\eclipse\jetty\toolchain\setuid\jetty-setuid-java\1.0.3\jetty-setuid-java-1.0.3.jar;C:\Users\crist\.m2\repository\io\dropwizard\dropwizard-auth\2.0.2\dropwizard-auth-2.0.2.jar;C:\Users\crist\.m2\repository\com\github\ben-manes\caffeine\caffeine\2.8.1\caffeine-2.8.1.jar;C:\Users\crist\.m2\repository\org\checkerframework\checker-qual\3.1.1\checker-qual-3.1.1.jar;C:\Users\crist\.m2\repository\com\google\errorprone\error_prone_annotations\2.3.4\error_prone_annotations-2.3.4.jar;C:\Users\crist\.m2\repository\io\dropwizard\dropwizard-assets\2.0.2\dropwizard-assets-2.0.2.jar;C:\Users\crist\.m2\repository\io\dropwizard\dropwizard-http2\2.0.2\dropwizard-http2-2.0.2.jar;C:\Users\crist\.m2\repository\org\eclipse\jetty\http2\http2-server\9.4.26.v20200117\http2-server-9.4.26.v20200117.jar;C:\Users\crist\.m2\repository\org\eclipse\jetty\http2\http2-common\9.4.26.v20200117\http2-common-9.4.26.v20200117.jar;C:\Users\crist\.m2\repository\org\eclipse\jetty\http2\http2-hpack\9.4.26.v20200117\http2-hpack-9.4.26.v20200117.jar;C:\Users\crist\.m2\repository\org\eclipse\jetty\jetty-alpn-openjdk8-server\9.4.26.v20200117\jetty-alpn-openjdk8-server-9.4.26.v20200117.jar;C:\Users\crist\.m2\repository\org\eclipse\jetty\jetty-alpn-server\9.4.26.v20200117\jetty-alpn-server-9.4.26.v20200117.jar;C:\Users\crist\.m2\repository\org\eclipse\jetty\jetty-io\9.4.26.v20200117\jetty-io-9.4.26.v20200117.jar;C:\Users\crist\.m2\repository\io\dropwizard\dropwizard-hibernate\2.0.2\dropwizard-hibernate-2.0.2.jar;C:\Users\crist\.m2\repository\io\dropwizard\dropwizard-db\2.0.2\dropwizard-db-2.0.2.jar;C:\Users\crist\.m2\repository\org\apache\tomcat\tomcat-jdbc\9.0.31\tomcat-jdbc-9.0.31.jar;C:\Users\crist\.m2\repository\org\apache\tomcat\tomcat-juli\9.0.31\tomcat-juli-9.0.31.jar;C:\Users\crist\.m2\repository\com\fasterxml\jackson\datatype\jackson-datatype-hibernate5\2.10.2\jackson-datatype-hibernate5-2.10.2.jar;C:\Users\crist\.m2\repository\javax\transaction\javax.transaction-api\1.3\javax.transaction-api-1.3.jar;C:\Users\crist\.m2\repository\org\jadira\usertype\usertype.core\7.0.0.CR1\usertype.core-7.0.0.CR1.jar;C:\Users\crist\.m2\repository\org\jadira\usertype\usertype.spi\7.0.0.CR1\usertype.spi-7.0.0.CR1.jar;C:\Users\crist\.m2\repository\org\hibernate\hibernate-core\5.4.12.Final\hibernate-core-5.4.12.Final.jar;C:\Users\crist\.m2\repository\javax\persistence\javax.persistence-api\2.2\javax.persistence-api-2.2.jar;C:\Users\crist\.m2\repository\antlr\antlr\2.7.7\antlr-2.7.7.jar;C:\Users\crist\.m2\repository\org\jboss\spec\javax\transaction\jboss-transaction-api_1.2_spec\1.1.1.Final\jboss-transaction-api_1.2_spec-1.1.1.Final.jar;C:\Users\crist\.m2\repository\org\jboss\jandex\2.1.1.Final\jandex-2.1.1.Final.jar;C:\Users\crist\.m2\repository\com\fasterxml\classmate\1.5.1\classmate-1.5.1.jar;C:\Users\crist\.m2\repository\org\dom4j\dom4j\2.1.1\dom4j-2.1.1.jar;C:\Users\crist\.m2\repository\org\hibernate\common\hibernate-commons-annotations\5.1.0.Final\hibernate-commons-annotations-5.1.0.Final.jar;C:\Users\crist\.m2\repository\org\glassfish\jaxb\jaxb-runtime\2.3.1\jaxb-runtime-2.3.1.jar;C:\Users\crist\.m2\repository\org\glassfish\jaxb\txw2\2.3.1\txw2-2.3.1.jar;C:\Users\crist\.m2\repository\com\sun\istack\istack-commons-runtime\3.0.7\istack-commons-runtime-3.0.7.jar;C:\Users\crist\.m2\repository\org\jvnet\staxex\stax-ex\1.8\stax-ex-1.8.jar;C:\Users\crist\.m2\repository\com\sun\xml\fastinfoset\FastInfoset\1.2.15\FastInfoset-1.2.15.jar;C:\Users\crist\.m2\repository\jakarta\activation\jakarta.activation-api\1.2.1\jakarta.activation-api-1.2.1.jar;C:\Users\crist\.m2\repository\jakarta\xml\bind\jakarta.xml.bind-api\2.3.2\jakarta.xml.bind-api-2.3.2.jar;C:\Users\crist\.m2\repository\io\dropwizard\dropwizard-migrations\2.0.2\dropwizard-migrations-2.0.2.jar;C:\Users\crist\.m2\repository\org\liquibase\liquibase-core\3.8.6\liquibase-core-3.8.6.jar;C:\Users\crist\.m2\repository\com\mattbertolini\liquibase-slf4j\2.0.0\liquibase-slf4j-2.0.0.jar;C:\Users\crist\.m2\repository\io\dropwizard\dropwizard-views-freemarker\2.0.2\dropwizard-views-freemarker-2.0.2.jar;C:\Users\crist\.m2\repository\io\dropwizard\dropwizard-views\2.0.2\dropwizard-views-2.0.2.jar;C:\Users\crist\.m2\repository\org\freemarker\freemarker\2.3.29\freemarker-2.3.29.jar;C:\Users\crist\.m2\repository\io\dropwizard\dropwizard-views-mustache\2.0.2\dropwizard-views-mustache-2.0.2.jar;C:\Users\crist\.m2\repository\com\github\spullara\mustache\java\compiler\0.9.6\compiler-0.9.6.jar;C:\Users\crist\.m2\repository\io\dropwizard\dropwizard-metrics-graphite\2.0.2\dropwizard-metrics-graphite-2.0.2.jar;C:\Users\crist\.m2\repository\io\dropwizard\metrics\metrics-graphite\4.1.2\metrics-graphite-4.1.2.jar;C:\Users\crist\.m2\repository\com\rabbitmq\amqp-client\5.5.3\amqp-client-5.5.3.jar;C:\Users\crist\.m2\repository\com\h2database\h2\1.4.200\h2-1.4.200.jar;C:\Users\crist\.m2\repository\io\dropwizard\dropwizard-testing\2.0.2\dropwizard-testing-2.0.2.jar;C:\Users\crist\.m2\repository\org\objenesis\objenesis\3.1\objenesis-3.1.jar;C:\Users\crist\.m2\repository\org\assertj\assertj-core\3.15.0\assertj-core-3.15.0.jar;C:\Users\crist\.m2\repository\org\junit\jupiter\junit-jupiter\5.6.0\junit-jupiter-5.6.0.jar;C:\Users\crist\.m2\repository\org\junit\jupiter\junit-jupiter-api\5.6.0\junit-jupiter-api-5.6.0.jar;C:\Users\crist\.m2\repository\org\apiguardian\apiguardian-api\1.1.0\apiguardian-api-1.1.0.jar;C:\Users\crist\.m2\repository\org\opentest4j\opentest4j\1.2.0\opentest4j-1.2.0.jar;C:\Users\crist\.m2\repository\org\junit\platform\junit-platform-commons\1.6.0\junit-platform-commons-1.6.0.jar;C:\Users\crist\.m2\repository\org\junit\jupiter\junit-jupiter-params\5.6.0\junit-jupiter-params-5.6.0.jar;C:\Users\crist\.m2\repository\org\junit\jupiter\junit-jupiter-engine\5.6.0\junit-jupiter-engine-5.6.0.jar;C:\Users\crist\.m2\repository\org\junit\platform\junit-platform-engine\1.6.0\junit-platform-engine-1.6.0.jar;C:\Users\crist\.m2\repository\org\mockito\mockito-core\3.2.4\mockito-core-3.2.4.jar;C:\Users\crist\.m2\repository\net\bytebuddy\byte-buddy\1.10.8\byte-buddy-1.10.8.jar;C:\Users\crist\.m2\repository\net\bytebuddy\byte-buddy-agent\1.10.5\byte-buddy-agent-1.10.5.jar;C:\Users\crist\.m2\repository\org\glassfish\jersey\test-framework\providers\jersey-test-framework-provider-inmemory\2.30\jersey-test-framework-provider-inmemory-2.30.jar;C:\Users\crist\.m2\repository\org\glassfish\jersey\test-framework\jersey-test-framework-core\2.30\jersey-test-framework-core-2.30.jar;C:\Users\crist\.m2\repository\org\glassfish\jersey\containers\jersey-container-servlet-core\2.30\jersey-container-servlet-core-2.30.jar;C:\Users\crist\.m2\repository\org\glassfish\jersey\core\jersey-server\2.30\jersey-server-2.30.jar;C:\Users\crist\.m2\repository\org\glassfish\jersey\core\jersey-common\2.30\jersey-common-2.30.jar;C:\Users\crist\.m2\repository\org\glassfish\hk2\osgi-resource-locator\1.0.3\osgi-resource-locator-1.0.3.jar;C:\Users\crist\.m2\repository\jakarta\ws\rs\jakarta.ws.rs-api\2.1.6\jakarta.ws.rs-api-2.1.6.jar;C:\Users\crist\.m2\repository\org\glassfish\jersey\media\jersey-media-jaxb\2.30\jersey-media-jaxb-2.30.jar;C:\Users\crist\.m2\repository\jakarta\annotation\jakarta.annotation-api\1.3.5\jakarta.annotation-api-1.3.5.jar;C:\Users\crist\.m2\repository\org\glassfish\hk2\external\jakarta.inject\2.6.1\jakarta.inject-2.6.1.jar;C:\Users\crist\.m2\repository\jakarta\validation\jakarta.validation-api\2.0.2\jakarta.validation-api-2.0.2.jar;C:\Users\crist\.m2\repository\org\glassfish\jersey\core\jersey-client\2.30\jersey-client-2.30.jar;C:\Users\crist\.m2\repository\org\glassfish\jersey\test-framework\providers\jersey-test-framework-provider-grizzly2\2.30\jersey-test-framework-provider-grizzly2-2.30.jar;C:\Users\crist\.m2\repository\jakarta\servlet\jakarta.servlet-api\4.0.3\jakarta.servlet-api-4.0.3.jar;C:\Users\crist\.m2\repository\org\glassfish\jersey\containers\jersey-container-grizzly2-http\2.30\jersey-container-grizzly2-http-2.30.jar;C:\Users\crist\.m2\repository\org\glassfish\grizzly\grizzly-http-server\2.4.4\grizzly-http-server-2.4.4.jar;C:\Users\crist\.m2\repository\org\glassfish\grizzly\grizzly-http\2.4.4\grizzly-http-2.4.4.jar;C:\Users\crist\.m2\repository\org\glassfish\grizzly\grizzly-framework\2.4.4\grizzly-framework-2.4.4.jar;C:\Users\crist\.m2\repository\org\glassfish\jersey\containers\jersey-container-grizzly2-servlet\2.30\jersey-container-grizzly2-servlet-2.30.jar;C:\Users\crist\.m2\repository\org\glassfish\grizzly\grizzly-http-servlet\2.4.4\grizzly-http-servlet-2.4.4.jar;"/>
    <property name="sun.cpu.endian" value="little"/>
    <property name="user.home" value="C:\Users\crist"/>
    <property name="user.language" value="en"/>
    <property name="java.specification.vendor" value="Oracle Corporation"/>
    <property name="java.home" value="C:\Program Files\Java\jdk1.8.0_191\jre"/>
    <property name="basedir" value="D:\Dev\Projects\Java\dropwizard-example"/>
    <property name="file.separator" value="\"/>
    <property name="line.separator" value="&#10;"/>
    <property name="java.vm.specification.vendor" value="Oracle Corporation"/>
    <property name="java.specification.name" value="Java Platform API Specification"/>
    <property name="java.awt.graphicsenv" value="sun.awt.Win32GraphicsEnvironment"/>
    <property name="surefire.real.class.path" value="C:\Users\crist\AppData\Local\Temp\surefire5861862106162566262\surefirebooter1918681456117100050.jar;C:\\Users\\crist\\.m2\\repository\\org\\jacoco\\org.jacoco.agent\\0.8.5\\org.jacoco.agent-0.8.5-runtime.jar"/>
    <property name="sun.boot.class.path" value="C:\Program Files\Java\jdk1.8.0_191\jre\lib\resources.jar;C:\Program Files\Java\jdk1.8.0_191\jre\lib\rt.jar;C:\Program Files\Java\jdk1.8.0_191\jre\lib\sunrsasign.jar;C:\Program Files\Java\jdk1.8.0_191\jre\lib\jsse.jar;C:\Program Files\Java\jdk1.8.0_191\jre\lib\jce.jar;C:\Program Files\Java\jdk1.8.0_191\jre\lib\charsets.jar;C:\Program Files\Java\jdk1.8.0_191\jre\lib\jfr.jar;C:\Program Files\Java\jdk1.8.0_191\jre\classes"/>
    <property name="user.script" value=""/>
    <property name="sun.management.compiler" value="HotSpot 64-Bit Tiered Compilers"/>
    <property name="java.runtime.version" value="1.8.0_191-b12"/>
    <property name="user.name" value="crist"/>
    <property name="path.separator" value=";"/>
    <property name="os.version" value="10.0"/>
    <property name="java.endorsed.dirs" value="C:\Program Files\Java\jdk1.8.0_191\jre\lib\endorsed"/>
    <property name="java.runtime.name" value="Java(TM) SE Runtime Environment"/>
    <property name="file.encoding" value="Cp1252"/>
    <property name="java.vm.name" value="Java HotSpot(TM) 64-Bit Server VM"/>
    <property name="localRepository" value="C:\Users\crist\.m2\repository"/>
    <property name="java.vendor.url.bug" value="http://bugreport.sun.com/bugreport/"/>
    <property name="java.io.tmpdir" value="C:\Users\crist\AppData\Local\Temp\"/>
    <property name="java.version" value="1.8.0_191"/>
    <property name="user.dir" value="D:\Dev\Projects\Java\dropwizard-example"/>
    <property name="os.arch" value="amd64"/>
    <property name="java.vm.specification.name" value="Java Virtual Machine Specification"/>
    <property name="java.awt.printerjob" value="sun.awt.windows.WPrinterJob"/>
    <property name="sun.os.patch.level" value=""/>
    <property name="idea.version2019.3.3" value="true"/>
    <property name="java.library.path" value="C:\Program Files\Java\jdk1.8.0_191\jre\bin;C:\WINDOWS\Sun\Java\bin;C:\WINDOWS\system32;C:\WINDOWS;C:\Program Files\NVIDIA GPU Computing Toolkit\CUDA\v9.0\bin;C:\Program Files\NVIDIA GPU Computing Toolkit\CUDA\v9.0\libnvvp;C:\Python37\Scripts\;C:\Python37\;C:\Program Files (x86)\Common Files\Intel\Shared Files\cpp\bin\Intel64;C:\Program Files\Oculus\Support\oculus-runtime;C:\Program Files (x86)\Common Files\Oracle\Java\javapath;C:\Windows\system32;C:\Windows;C:\Windows\System32\Wbem;C:\Windows\System32\WindowsPowerShell\v1.0\;C:\Windows\System32\OpenSSH\;C:\Program Files\Git\cmd;C:\Program Files\nodejs\;C:\Program Files\CMake\bin;C:\Program Files\NVIDIA Corporation\NVIDIA NvDLISR;C:\Program Files (x86)\NVIDIA Corporation\PhysX\Common;C:\ProgramData\chocolatey\bin;C:\Users\crist\Anaconda3\Scripts;C:\Program Files\OpenSSL-Win64\bin;C:\Users\crist\AppData\Roaming\Python\Python37\Scripts;C:\WINDOWS\system32;C:\WINDOWS;C:\WINDOWS\System32\Wbem;C:\WINDOWS\System32\WindowsPowerShell\v1.0\;C:\WINDOWS\System32\OpenSSH\;C:\Program Files (x86)\Yarn\bin\;C:\Users\crist\AppData\Roaming\npm\node_modules\@angular\cli;C:\Users\crist\AppData\Roaming\npm;D:\Test_OCR-06bd6a6f4b18.json;C:\ProgramData\ComposerSetup\bin;C:\Program Files\PuTTY\;C:\Users\crist\.windows-build-tools\python27\;C:\Program Files\nodejs\node_modules\npm\node_modules\npm-lifecycle\node-gyp-bin;D:\Dev\Projects\Node\simplewebrtc-messenger\node_modules\windows-build-tools\node_modules\.bin;D:\Dev\Projects\Node\simplewebrtc-messenger\node_modules\.bin;C:\Program Files\NVIDIA GPU Computing Toolkit\CUDA\v9.0\bin;C:\Program Files\NVIDIA GPU Computing Toolkit\CUDA\v9.0\libnvvp;C:\Python37\Scripts\;C:\Python37\;C:\Program Files (x86)\Common Files\Intel\Shared Files\cpp\bin\Intel64;C:\Program Files\Oculus\Support\oculus-runtime;C:\Program Files (x86)\Common Files\Oracle\Java\javapath;C:\Windows\system32;C:\Windows;C:\Windows\System32\Wbem;C:\Windows\System32\WindowsPowerShell\v1.0\;C:\Windows\System32\OpenSSH\;C:\Program Files\Git\cmd;C:\Program Files\nodejs\;C:\Program Files\CMake\bin;C:\Program Files\NVIDIA Corporation\NVIDIA NvDLISR;C:\Program Files (x86)\NVIDIA Corporation\PhysX\Common;C:\ProgramData\chocolatey\bin;C:\Users\crist\Anaconda3\Scripts;C:\Program Files\OpenSSL-Win64\b;C:\Users\crist\AppData\Roaming\Composer\vendor\bin;C:\xampp\php;C:\Users\crist\AppData\Local\Programs\Microsoft VS Code\bin;D:\upwork\downloads\apache-maven-3.6.3\bin;;%USERPROFILE%\AppData\Local\Microsoft\WindowsApps;."/>
    <property name="java.vm.info" value="mixed mode"/>
    <property name="java.vendor" value="Oracle Corporation"/>
    <property name="java.vm.version" value="25.191-b12"/>
    <property name="java.ext.dirs" value="C:\Program Files\Java\jdk1.8.0_191\jre\lib\ext;C:\WINDOWS\Sun\Java\lib\ext"/>
    <property name="sun.io.unicode.encoding" value="UnicodeLittle"/>
    <property name="java.class.version" value="52.0"/>
  </properties>
  <testcase name="getPersonSuccess" classname="com.example.helloworld.resources.PersonResourceTest" time="0.183"/>
  <testcase name="getPersonNotFound" classname="com.example.helloworld.resources.PersonResourceTest" time="0.011"/>
</testsuite>